<?xml version="1.0" encoding="UTF-8"?>
<testng-results ignored="0" total="2" passed="2" failed="0" skipped="0">
  <reporter-output>
  </reporter-output>
  <suite started-at="2020-08-26T12:31:15 IST" name="Automation Test Report" finished-at="2020-08-26T12:31:54 IST" duration-ms="38519">
    <groups>
    </groups>
    <test started-at="2020-08-26T12:31:15 IST" name="Automation Test Report" finished-at="2020-08-26T12:31:54 IST" duration-ms="38519">
      <class name="com.testautomation.TestRunner.TestRunner">
        <test-method is-config="true" signature="setUpClass()[pri:0, instance:com.testautomation.TestRunner.TestRunner@402c4085]" started-at="2020-08-26T12:31:16 IST" name="setUpClass" finished-at="2020-08-26T12:31:16 IST" duration-ms="438" status="PASS">
          <reporter-output>
          </reporter-output>
        </test-method> <!-- setUpClass -->
        <test-method signature="feature(cucumber.api.testng.PickleEventWrapper, cucumber.api.testng.CucumberFeatureWrapper)[pri:0, instance:com.testautomation.TestRunner.TestRunner@402c4085]" started-at="2020-08-26T12:31:17 IST" name="feature" data-provider="features" finished-at="2020-08-26T12:31:43 IST" duration-ms="26726" status="PASS">
          <params>
            <param index="0">
              <value>
                <![CDATA["Applitools visual Data Validations"]]>
              </value>
            </param>
            <param index="1">
              <value>
                <![CDATA["Applitools visual validation"]]>
              </value>
            </param>
          </params>
          <reporter-output>
          </reporter-output>
        </test-method> <!-- feature -->
        <test-method signature="feature(cucumber.api.testng.PickleEventWrapper, cucumber.api.testng.CucumberFeatureWrapper)[pri:0, instance:com.testautomation.TestRunner.TestRunner@402c4085]" started-at="2020-08-26T12:31:43 IST" name="feature" data-provider="features" finished-at="2020-08-26T12:31:54 IST" duration-ms="10207" status="PASS">
          <params>
            <param index="0">
              <value>
                <![CDATA["Applitools visual Data Validations for dynamic webpage"]]>
              </value>
            </param>
            <param index="1">
              <value>
                <![CDATA["Applitools visual validation"]]>
              </value>
            </param>
          </params>
          <reporter-output>
          </reporter-output>
        </test-method> <!-- feature -->
        <test-method is-config="true" signature="tearDownClass()[pri:0, instance:com.testautomation.TestRunner.TestRunner@402c4085]" started-at="2020-08-26T12:31:54 IST" name="tearDownClass" finished-at="2020-08-26T12:31:54 IST" duration-ms="10" status="PASS">
          <reporter-output>
          </reporter-output>
        </test-method> <!-- tearDownClass -->
      </class> <!-- com.testautomation.TestRunner.TestRunner -->
    </test> <!-- Automation Test Report -->
  </suite> <!-- Automation Test Report -->
</testng-results>
