<?xml version="1.0" encoding="UTF-8"?>
<!-- Generated by org.testng.reporters.JUnitXMLReporter -->
<testsuite ignored="0" hostname="DESKTOP-32I52FQ" failures="0" tests="2" name="Automation Test Report" time="38.519" errors="0" timestamp="2020-08-26T12:31:54 IST">
  <testcase classname="com.testautomation.TestRunner.TestRunner" name="feature" time="26.726"/>
  <testcase classname="com.testautomation.TestRunner.TestRunner" name="feature" time="10.207"/>
</testsuite> <!-- Automation Test Report -->
